<?xml version="1.0" encoding="UTF-8"?>
<testsuite xmlns:xsi="http://www.w3.org/2001/XMLSchema-instance" xsi:noNamespaceSchemaLocation="https://maven.apache.org/surefire/maven-surefire-plugin/xsd/surefire-test-report-3.0.xsd" version="3.0" name="com.javarush.kaminsky.MainTest" time="0.056" tests="1" errors="0" skipped="0" failures="0">
  <properties>
    <property name="java.specification.version" value="22"/>
    <property name="sun.jnu.encoding" value="UTF-8"/>
    <property name="java.class.path" value="/run/media/philipk/68220e73-ac0a-41b6-b3bb-cb3b9497ba49/git/finalHibernateProject/target/test-classes:/run/media/philipk/68220e73-ac0a-41b6-b3bb-cb3b9497ba49/git/finalHibernateProject/target/classes:/home/philipk/.m2/repository/junit/junit/3.8.1/junit-3.8.1.jar:/home/philipk/.m2/repository/mysql/mysql-connector-java/8.0.30/mysql-connector-java-8.0.30.jar:/home/philipk/.m2/repository/com/google/protobuf/protobuf-java/3.19.4/protobuf-java-3.19.4.jar:/home/philipk/.m2/repository/org/hibernate/hibernate-core-jakarta/5.6.14.Final/hibernate-core-jakarta-5.6.14.Final.jar:/home/philipk/.m2/repository/org/jboss/logging/jboss-logging/3.4.3.Final/jboss-logging-3.4.3.Final.jar:/home/philipk/.m2/repository/jakarta/persistence/jakarta.persistence-api/3.0.0/jakarta.persistence-api-3.0.0.jar:/home/philipk/.m2/repository/net/bytebuddy/byte-buddy/1.12.18/byte-buddy-1.12.18.jar:/home/philipk/.m2/repository/antlr/antlr/2.7.7/antlr-2.7.7.jar:/home/philipk/.m2/repository/jakarta/transaction/jakarta.transaction-api/2.0.0/jakarta.transaction-api-2.0.0.jar:/home/philipk/.m2/repository/org/jboss/jandex/2.4.2.Final/jandex-2.4.2.Final.jar:/home/philipk/.m2/repository/com/fasterxml/classmate/1.5.1/classmate-1.5.1.jar:/home/philipk/.m2/repository/jakarta/activation/jakarta.activation-api/2.0.1/jakarta.activation-api-2.0.1.jar:/home/philipk/.m2/repository/org/dom4j/dom4j/2.1.3/dom4j-2.1.3.jar:/home/philipk/.m2/repository/org/hibernate/common/hibernate-commons-annotations/5.1.2.Final/hibernate-commons-annotations-5.1.2.Final.jar:/home/philipk/.m2/repository/jakarta/xml/bind/jakarta.xml.bind-api/3.0.1/jakarta.xml.bind-api-3.0.1.jar:/home/philipk/.m2/repository/com/sun/activation/jakarta.activation/2.0.1/jakarta.activation-2.0.1.jar:/home/philipk/.m2/repository/org/glassfish/jaxb/jaxb-runtime/3.0.0/jaxb-runtime-3.0.0.jar:/home/philipk/.m2/repository/org/glassfish/jaxb/jaxb-core/3.0.0/jaxb-core-3.0.0.jar:/home/philipk/.m2/repository/org/glassfish/jaxb/txw2/3.0.0/txw2-3.0.0.jar:/home/philipk/.m2/repository/com/sun/istack/istack-commons-runtime/4.0.0/istack-commons-runtime-4.0.0.jar:/home/philipk/.m2/repository/p6spy/p6spy/3.9.1/p6spy-3.9.1.jar:/home/philipk/.m2/repository/io/lettuce/lettuce-core/6.2.2.RELEASE/lettuce-core-6.2.2.RELEASE.jar:/home/philipk/.m2/repository/io/netty/netty-common/4.1.85.Final/netty-common-4.1.85.Final.jar:/home/philipk/.m2/repository/io/netty/netty-handler/4.1.85.Final/netty-handler-4.1.85.Final.jar:/home/philipk/.m2/repository/io/netty/netty-resolver/4.1.85.Final/netty-resolver-4.1.85.Final.jar:/home/philipk/.m2/repository/io/netty/netty-buffer/4.1.85.Final/netty-buffer-4.1.85.Final.jar:/home/philipk/.m2/repository/io/netty/netty-transport-native-unix-common/4.1.85.Final/netty-transport-native-unix-common-4.1.85.Final.jar:/home/philipk/.m2/repository/io/netty/netty-codec/4.1.85.Final/netty-codec-4.1.85.Final.jar:/home/philipk/.m2/repository/io/netty/netty-transport/4.1.85.Final/netty-transport-4.1.85.Final.jar:/home/philipk/.m2/repository/io/projectreactor/reactor-core/3.4.25/reactor-core-3.4.25.jar:/home/philipk/.m2/repository/org/reactivestreams/reactive-streams/1.0.4/reactive-streams-1.0.4.jar:/home/philipk/.m2/repository/com/fasterxml/jackson/core/jackson-databind/2.14.0/jackson-databind-2.14.0.jar:/home/philipk/.m2/repository/com/fasterxml/jackson/core/jackson-annotations/2.14.0/jackson-annotations-2.14.0.jar:/home/philipk/.m2/repository/com/fasterxml/jackson/core/jackson-core/2.14.0/jackson-core-2.14.0.jar:"/>
    <property name="java.vm.vendor" value="Arch Linux"/>
    <property name="sun.arch.data.model" value="64"/>
    <property name="java.vendor.url" value="https://openjdk.org/"/>
    <property name="os.name" value="Linux"/>
    <property name="java.vm.specification.version" value="22"/>
    <property name="sun.java.launcher" value="SUN_STANDARD"/>
    <property name="user.country" value="RU"/>
    <property name="sun.boot.library.path" value="/usr/lib/jvm/java-22-openjdk/lib"/>
    <property name="sun.java.command" value="/run/media/philipk/68220e73-ac0a-41b6-b3bb-cb3b9497ba49/git/finalHibernateProject/target/surefire/surefirebooter-20240824165612425_3.jar /run/media/philipk/68220e73-ac0a-41b6-b3bb-cb3b9497ba49/git/finalHibernateProject/target/surefire 2024-08-24T16-56-12_241-jvmRun1 surefire-20240824165612425_1tmp surefire_0-20240824165612425_2tmp"/>
    <property name="jdk.debug" value="release"/>
    <property name="surefire.test.class.path" value="/run/media/philipk/68220e73-ac0a-41b6-b3bb-cb3b9497ba49/git/finalHibernateProject/target/test-classes:/run/media/philipk/68220e73-ac0a-41b6-b3bb-cb3b9497ba49/git/finalHibernateProject/target/classes:/home/philipk/.m2/repository/junit/junit/3.8.1/junit-3.8.1.jar:/home/philipk/.m2/repository/mysql/mysql-connector-java/8.0.30/mysql-connector-java-8.0.30.jar:/home/philipk/.m2/repository/com/google/protobuf/protobuf-java/3.19.4/protobuf-java-3.19.4.jar:/home/philipk/.m2/repository/org/hibernate/hibernate-core-jakarta/5.6.14.Final/hibernate-core-jakarta-5.6.14.Final.jar:/home/philipk/.m2/repository/org/jboss/logging/jboss-logging/3.4.3.Final/jboss-logging-3.4.3.Final.jar:/home/philipk/.m2/repository/jakarta/persistence/jakarta.persistence-api/3.0.0/jakarta.persistence-api-3.0.0.jar:/home/philipk/.m2/repository/net/bytebuddy/byte-buddy/1.12.18/byte-buddy-1.12.18.jar:/home/philipk/.m2/repository/antlr/antlr/2.7.7/antlr-2.7.7.jar:/home/philipk/.m2/repository/jakarta/transaction/jakarta.transaction-api/2.0.0/jakarta.transaction-api-2.0.0.jar:/home/philipk/.m2/repository/org/jboss/jandex/2.4.2.Final/jandex-2.4.2.Final.jar:/home/philipk/.m2/repository/com/fasterxml/classmate/1.5.1/classmate-1.5.1.jar:/home/philipk/.m2/repository/jakarta/activation/jakarta.activation-api/2.0.1/jakarta.activation-api-2.0.1.jar:/home/philipk/.m2/repository/org/dom4j/dom4j/2.1.3/dom4j-2.1.3.jar:/home/philipk/.m2/repository/org/hibernate/common/hibernate-commons-annotations/5.1.2.Final/hibernate-commons-annotations-5.1.2.Final.jar:/home/philipk/.m2/repository/jakarta/xml/bind/jakarta.xml.bind-api/3.0.1/jakarta.xml.bind-api-3.0.1.jar:/home/philipk/.m2/repository/com/sun/activation/jakarta.activation/2.0.1/jakarta.activation-2.0.1.jar:/home/philipk/.m2/repository/org/glassfish/jaxb/jaxb-runtime/3.0.0/jaxb-runtime-3.0.0.jar:/home/philipk/.m2/repository/org/glassfish/jaxb/jaxb-core/3.0.0/jaxb-core-3.0.0.jar:/home/philipk/.m2/repository/org/glassfish/jaxb/txw2/3.0.0/txw2-3.0.0.jar:/home/philipk/.m2/repository/com/sun/istack/istack-commons-runtime/4.0.0/istack-commons-runtime-4.0.0.jar:/home/philipk/.m2/repository/p6spy/p6spy/3.9.1/p6spy-3.9.1.jar:/home/philipk/.m2/repository/io/lettuce/lettuce-core/6.2.2.RELEASE/lettuce-core-6.2.2.RELEASE.jar:/home/philipk/.m2/repository/io/netty/netty-common/4.1.85.Final/netty-common-4.1.85.Final.jar:/home/philipk/.m2/repository/io/netty/netty-handler/4.1.85.Final/netty-handler-4.1.85.Final.jar:/home/philipk/.m2/repository/io/netty/netty-resolver/4.1.85.Final/netty-resolver-4.1.85.Final.jar:/home/philipk/.m2/repository/io/netty/netty-buffer/4.1.85.Final/netty-buffer-4.1.85.Final.jar:/home/philipk/.m2/repository/io/netty/netty-transport-native-unix-common/4.1.85.Final/netty-transport-native-unix-common-4.1.85.Final.jar:/home/philipk/.m2/repository/io/netty/netty-codec/4.1.85.Final/netty-codec-4.1.85.Final.jar:/home/philipk/.m2/repository/io/netty/netty-transport/4.1.85.Final/netty-transport-4.1.85.Final.jar:/home/philipk/.m2/repository/io/projectreactor/reactor-core/3.4.25/reactor-core-3.4.25.jar:/home/philipk/.m2/repository/org/reactivestreams/reactive-streams/1.0.4/reactive-streams-1.0.4.jar:/home/philipk/.m2/repository/com/fasterxml/jackson/core/jackson-databind/2.14.0/jackson-databind-2.14.0.jar:/home/philipk/.m2/repository/com/fasterxml/jackson/core/jackson-annotations/2.14.0/jackson-annotations-2.14.0.jar:/home/philipk/.m2/repository/com/fasterxml/jackson/core/jackson-core/2.14.0/jackson-core-2.14.0.jar:"/>
    <property name="sun.cpu.endian" value="little"/>
    <property name="user.home" value="/home/philipk"/>
    <property name="user.language" value="ru"/>
    <property name="java.specification.vendor" value="Oracle Corporation"/>
    <property name="java.version.date" value="2024-07-16"/>
    <property name="java.home" value="/usr/lib/jvm/java-22-openjdk"/>
    <property name="file.separator" value="/"/>
    <property name="basedir" value="/run/media/philipk/68220e73-ac0a-41b6-b3bb-cb3b9497ba49/git/finalHibernateProject"/>
    <property name="java.vm.compressedOopsMode" value="Zero based"/>
    <property name="line.separator" value="&#10;"/>
    <property name="java.specification.name" value="Java Platform API Specification"/>
    <property name="java.vm.specification.vendor" value="Oracle Corporation"/>
    <property name="surefire.real.class.path" value="/run/media/philipk/68220e73-ac0a-41b6-b3bb-cb3b9497ba49/git/finalHibernateProject/target/surefire/surefirebooter-20240824165612425_3.jar"/>
    <property name="sun.management.compiler" value="HotSpot 64-Bit Tiered Compilers"/>
    <property name="java.runtime.version" value="22.0.2+9"/>
    <property name="user.name" value="philipk"/>
    <property name="stdout.encoding" value="UTF-8"/>
    <property name="path.separator" value=":"/>
    <property name="os.version" value="6.10.6-arch1-1"/>
    <property name="java.runtime.name" value="OpenJDK Runtime Environment"/>
    <property name="file.encoding" value="UTF-8"/>
    <property name="java.vm.name" value="OpenJDK 64-Bit Server VM"/>
    <property name="localRepository" value="/home/philipk/.m2/repository"/>
    <property name="java.vendor.url.bug" value="https://bugreport.java.com/bugreport/"/>
    <property name="java.io.tmpdir" value="/tmp"/>
    <property name="java.version" value="22.0.2"/>
    <property name="user.dir" value="/run/media/philipk/68220e73-ac0a-41b6-b3bb-cb3b9497ba49/git/finalHibernateProject"/>
    <property name="os.arch" value="amd64"/>
    <property name="java.vm.specification.name" value="Java Virtual Machine Specification"/>
    <property name="native.encoding" value="UTF-8"/>
    <property name="java.library.path" value="/usr/java/packages/lib:/usr/lib64:/lib64:/lib:/usr/lib"/>
    <property name="java.vm.info" value="mixed mode, sharing"/>
    <property name="stderr.encoding" value="UTF-8"/>
    <property name="java.vendor" value="Arch Linux"/>
    <property name="java.vm.version" value="22.0.2+9"/>
    <property name="sun.io.unicode.encoding" value="UnicodeLittle"/>
    <property name="java.class.version" value="66.0"/>
  </properties>
  <testcase name="testApp" classname="com.javarush.kaminsky.MainTest" time="0.007"/>
</testsuite>